<?xml version="1.0" encoding="UTF-8"?>
<testsuites name="Mocha Tests" time="305.003" tests="6" failures="2">
  <testsuite name="Root Suite" timestamp="2025-01-14T16:41:03" tests="0" file="cypress\integration\home\blissHomePage.spec.js" time="0.000" failures="0">
  </testsuite>
  <testsuite name="Bliss Home Page Tests" timestamp="2025-01-14T16:41:03" tests="0" time="0.000" failures="0">
  </testsuite>
  <testsuite name="General Validations" timestamp="2025-01-14T16:41:03" tests="3" time="121.280" failures="1">
    <testcase name="Bliss Home Page Tests General Validations &quot;before each&quot; hook for &quot;Check Home Menu&quot;" time="30.377" classname="&quot;before each&quot; hook for &quot;Check Home Menu&quot;">
      <failure message="Timed out after waiting `60000ms` for your remote page to load.

Your page did not fire its `load` event within `60000ms`.

You can try increasing the `pageLoadTimeout` value in `Users\ilidiovatuva\Sources\GrafanaBlissWebsite\cypress.config.js` to wait longer.

Browsers will not fire the `load` event until all stylesheets and scripts are done downloading.

When this `load` event occurs, Cypress will continue running commands.

Because this error occurred during a `before each` hook we are skipping the remaining tests in the current suite: `Bliss Home Page Tests`" type="CypressError"><![CDATA[CypressError: Timed out after waiting `60000ms` for your remote page to load.

Your page did not fire its `load` event within `60000ms`.

You can try increasing the `pageLoadTimeout` value in `Users\ilidiovatuva\Sources\GrafanaBlissWebsite\cypress.config.js` to wait longer.

Browsers will not fire the `load` event until all stylesheets and scripts are done downloading.

When this `load` event occurs, Cypress will continue running commands.

Because this error occurred during a `before each` hook we are skipping the remaining tests in the current suite: `Bliss Home Page Tests`
    at timedOutWaitingForPageLoad (https://www.blissapplications.com/__cypress/runner/cypress_runner.js:146725:72)
    at <unknown> (https://www.blissapplications.com/__cypress/runner/cypress_runner.js:147699:16)
    at tryCatcher (https://www.blissapplications.com/__cypress/runner/cypress_runner.js:18744:23)
    at <unknown> (https://www.blissapplications.com/__cypress/runner/cypress_runner.js:13866:41)
    at tryCatcher (https://www.blissapplications.com/__cypress/runner/cypress_runner.js:18744:23)
    at Promise._settlePromiseFromHandler (https://www.blissapplications.com/__cypress/runner/cypress_runner.js:16679:31)
    at Promise._settlePromise (https://www.blissapplications.com/__cypress/runner/cypress_runner.js:16736:18)
    at Promise._settlePromise0 (https://www.blissapplications.com/__cypress/runner/cypress_runner.js:16781:10)
    at Promise._settlePromises (https://www.blissapplications.com/__cypress/runner/cypress_runner.js:16857:18)
    at _drainQueueStep (https://www.blissapplications.com/__cypress/runner/cypress_runner.js:13451:12)
    at _drainQueue (https://www.blissapplications.com/__cypress/runner/cypress_runner.js:13444:9)
    at ../../node_modules/bluebird/js/release/async.js.Async._drainQueues (https://www.blissapplications.com/__cypress/runner/cypress_runner.js:13460:5)
    at Async.drainQueues (https://www.blissapplications.com/__cypress/runner/cypress_runner.js:13330:14)
From Your Spec Code:
    at BlissHomePage.goToHome (webpack:///./cypress/support/pages/home/blissHomePage.js:11:7)
    at Context.eval (webpack:///./cypress/integration/home/blissHomePage.spec.js:6:28)]]></failure>
    </testcase>
  </testsuite>
  <testsuite name="Bliss Contact Form Page Tests" timestamp="2025-01-14T16:43:05" tests="0" time="0.000" failures="0">
  </testsuite>
  <testsuite name="General Validations" timestamp="2025-01-14T16:43:05" tests="3" time="183.580" failures="1">
    <testcase name="Bliss Contact Form Page Tests General Validations &quot;before each&quot; hook for &quot;Check Contact Form Page&quot;" time="60.558" classname="&quot;before each&quot; hook for &quot;Check Contact Form Page&quot;">
      <failure message="Timed out after waiting `60000ms` for your remote page to load.

Your page did not fire its `load` event within `60000ms`.

You can try increasing the `pageLoadTimeout` value in `Users\ilidiovatuva\Sources\GrafanaBlissWebsite\cypress.config.js` to wait longer.

Browsers will not fire the `load` event until all stylesheets and scripts are done downloading.

When this `load` event occurs, Cypress will continue running commands.

Because this error occurred during a `before each` hook we are skipping the remaining tests in the current suite: `Bliss Contact Form Page Tests`" type="CypressError"><![CDATA[CypressError: Timed out after waiting `60000ms` for your remote page to load.

Your page did not fire its `load` event within `60000ms`.

You can try increasing the `pageLoadTimeout` value in `Users\ilidiovatuva\Sources\GrafanaBlissWebsite\cypress.config.js` to wait longer.

Browsers will not fire the `load` event until all stylesheets and scripts are done downloading.

When this `load` event occurs, Cypress will continue running commands.

Because this error occurred during a `before each` hook we are skipping the remaining tests in the current suite: `Bliss Contact Form Page Tests`
    at timedOutWaitingForPageLoad (https://www.blissapplications.com/__cypress/runner/cypress_runner.js:146725:72)
    at <unknown> (https://www.blissapplications.com/__cypress/runner/cypress_runner.js:147699:16)
    at tryCatcher (https://www.blissapplications.com/__cypress/runner/cypress_runner.js:18744:23)
    at <unknown> (https://www.blissapplications.com/__cypress/runner/cypress_runner.js:13866:41)
    at tryCatcher (https://www.blissapplications.com/__cypress/runner/cypress_runner.js:18744:23)
    at Promise._settlePromiseFromHandler (https://www.blissapplications.com/__cypress/runner/cypress_runner.js:16679:31)
    at Promise._settlePromise (https://www.blissapplications.com/__cypress/runner/cypress_runner.js:16736:18)
    at Promise._settlePromise0 (https://www.blissapplications.com/__cypress/runner/cypress_runner.js:16781:10)
    at Promise._settlePromises (https://www.blissapplications.com/__cypress/runner/cypress_runner.js:16857:18)
    at _drainQueueStep (https://www.blissapplications.com/__cypress/runner/cypress_runner.js:13451:12)
    at _drainQueue (https://www.blissapplications.com/__cypress/runner/cypress_runner.js:13444:9)
    at ../../node_modules/bluebird/js/release/async.js.Async._drainQueues (https://www.blissapplications.com/__cypress/runner/cypress_runner.js:13460:5)
    at Async.drainQueues (https://www.blissapplications.com/__cypress/runner/cypress_runner.js:13330:14)
From Your Spec Code:
    at BlissHomePage.goToHome (webpack:///./cypress/support/pages/home/blissHomePage.js:11:7)
    at Context.eval (webpack:///./cypress/integration/home/blissHomePage.spec.js:55:28)]]></failure>
    </testcase>
  </testsuite>
</testsuites>